<?xml version="1.0" encoding="UTF-8"?>
<testng-results ignored="0" total="2" passed="2" failed="0" skipped="0">
  <reporter-output>
  </reporter-output>
  <suite started-at="2023-07-16T16:29:19 AEST" name="search-module" finished-at="2023-07-16T16:29:59 AEST" duration-ms="40286">
    <groups>
    </groups>
    <test started-at="2023-07-16T16:29:19 AEST" name="search-test-java" finished-at="2023-07-16T16:29:45 AEST" duration-ms="26747">
      <class name="com.searchmodule.tests.SearchTest">
        <test-method is-config="true" signature="setupTest()[pri:0, instance:com.searchmodule.tests.SearchTest@747edf66]" started-at="2023-07-16T16:29:19 AEST" name="setupTest" finished-at="2023-07-16T16:29:37 AEST" duration-ms="18513" status="PASS">
          <reporter-output>
          </reporter-output>
        </test-method> <!-- setupTest -->
        <test-method signature="search(java.lang.String)[pri:0, instance:com.searchmodule.tests.SearchTest@747edf66]" started-at="2023-07-16T16:29:37 AEST" name="search" finished-at="2023-07-16T16:29:44 AEST" duration-ms="7278" status="PASS">
          <params>
            <param index="0">
              <value>
                <![CDATA[java crash course]]>
              </value>
            </param>
          </params>
          <reporter-output>
          </reporter-output>
        </test-method> <!-- search -->
        <test-method is-config="true" signature="quitDriver()[pri:0, instance:com.searchmodule.tests.SearchTest@747edf66]" started-at="2023-07-16T16:29:44 AEST" name="quitDriver" finished-at="2023-07-16T16:29:45 AEST" duration-ms="865" status="PASS">
          <reporter-output>
          </reporter-output>
        </test-method> <!-- quitDriver -->
      </class> <!-- com.searchmodule.tests.SearchTest -->
    </test> <!-- search-test-java -->
    <test started-at="2023-07-16T16:29:45 AEST" name="search-test-qa" finished-at="2023-07-16T16:29:59 AEST" duration-ms="13471">
      <class name="com.searchmodule.tests.SearchTest">
        <test-method is-config="true" signature="setupTest()[pri:0, instance:com.searchmodule.tests.SearchTest@446293d]" started-at="2023-07-16T16:29:45 AEST" name="setupTest" finished-at="2023-07-16T16:29:52 AEST" duration-ms="6666" status="PASS">
          <reporter-output>
          </reporter-output>
        </test-method> <!-- setupTest -->
        <test-method signature="search(java.lang.String)[pri:0, instance:com.searchmodule.tests.SearchTest@446293d]" started-at="2023-07-16T16:29:52 AEST" name="search" finished-at="2023-07-16T16:29:58 AEST" duration-ms="5824" status="PASS">
          <params>
            <param index="0">
              <value>
                <![CDATA[qa for beginner]]>
              </value>
            </param>
          </params>
          <reporter-output>
          </reporter-output>
        </test-method> <!-- search -->
        <test-method is-config="true" signature="quitDriver()[pri:0, instance:com.searchmodule.tests.SearchTest@446293d]" started-at="2023-07-16T16:29:58 AEST" name="quitDriver" finished-at="2023-07-16T16:29:59 AEST" duration-ms="977" status="PASS">
          <reporter-output>
          </reporter-output>
        </test-method> <!-- quitDriver -->
      </class> <!-- com.searchmodule.tests.SearchTest -->
    </test> <!-- search-test-qa -->
  </suite> <!-- search-module -->
</testng-results>
